<testsuite failures="1" name="src/test/java/FeatureFiles/Karate03.feature" skipped="0" tests="1" time="0.066056">
  <testcase classname="src.test.java.FeatureFiles.Karate03" name="Validation of XML2" time="0.066056">
    <failure message="Karate03.feature:34 - no step-definition method match found for: match xml/info/tool[*] &quot;&lt;name&gt;Karate&lt;/name&gt;&lt;version&gt;0.9.6&lt;/version&gt;&quot;">Given def xml = ........................................................... passed
Then print xml ............................................................ passed
* match xml/info/id == 101 ................................................ passed
* match xml.info.id == "101" .............................................. passed
* match xml/info/tool[1] contains "&lt;name&gt;Karate&lt;/name&gt;&lt;version&gt;0.9.6&lt;/version&gt;" . passed
* match xml/info/tool[2] contains "&lt;name&gt;IntelliJ&lt;/name&gt;&lt;version&gt;2020.2&lt;/version&gt;" . passed
* match xml contains "&lt;name&gt;Karate&lt;/name&gt;&lt;version&gt;0.9.6&lt;/version&gt;" ........ passed
* match xml/info/tool[*] "&lt;name&gt;Karate&lt;/name&gt;&lt;version&gt;0.9.6&lt;/version&gt;" .... failed

Stack Trace:
com.intuit.karate.exception.KarateException: Karate03.feature:34 - no step-definition method match found for: match xml/info/tool[*] "&lt;name&gt;Karate&lt;/name&gt;&lt;version&gt;0.9.6&lt;/version&gt;"&#13;
	at âœ½.* match xml/info/tool[*] "&lt;name&gt;Karate&lt;/name&gt;&lt;version&gt;0.9.6&lt;/version&gt;" (Karate03.feature:34)</failure>
  </testcase>
</testsuite>
