<testsuite failures="0" name="src/test/java/FeatureFiles/Karate11.feature" skipped="0" tests="5" time="2.035565">
  <testcase classname="src.test.java.FeatureFiles.Karate11" name="DDT Test Case" time="0.906032">
    <system-out>Given url "http://reqres.in" .............................................. passed
And path "/api/users?page='1'" ............................................ passed
When method GET ........................................................... passed
Then status 200 ........................................................... passed
And response.page == 1 .................................................... passed
And match response.page == '##' ........................................... passed</system-out>
  </testcase>
  <testcase classname="src.test.java.FeatureFiles.Karate11" name="DDT Test Case" time="0.286554">
    <system-out>Given url "http://reqres.in" .............................................. passed
And path "/api/users?page='1'" ............................................ passed
When method GET ........................................................... passed
Then status 200 ........................................................... passed
And response.page == 1 .................................................... passed
And match response.page == '##' ........................................... passed
Given url "http://reqres.in" .............................................. passed
And path "/api/users?page='2'" ............................................ passed
When method GET ........................................................... passed
Then status 200 ........................................................... passed
And response.page == 1 .................................................... passed
And match response.page == '##' ........................................... passed</system-out>
  </testcase>
  <testcase classname="src.test.java.FeatureFiles.Karate11" name="DDT Test Case" time="0.273147">
    <system-out>Given url "http://reqres.in" .............................................. passed
And path "/api/users?page='1'" ............................................ passed
When method GET ........................................................... passed
Then status 200 ........................................................... passed
And response.page == 1 .................................................... passed
And match response.page == '##' ........................................... passed
Given url "http://reqres.in" .............................................. passed
And path "/api/users?page='2'" ............................................ passed
When method GET ........................................................... passed
Then status 200 ........................................................... passed
And response.page == 1 .................................................... passed
And match response.page == '##' ........................................... passed
Given url "http://reqres.in" .............................................. passed
And path "/api/users?page='3'" ............................................ passed
When method GET ........................................................... passed
Then status 200 ........................................................... passed
And response.page == 1 .................................................... passed
And match response.page == '##' ........................................... passed</system-out>
  </testcase>
  <testcase classname="src.test.java.FeatureFiles.Karate11" name="DDT Test Case" time="0.300867">
    <system-out>Given url "http://reqres.in" .............................................. passed
And path "/api/users?page='1'" ............................................ passed
When method GET ........................................................... passed
Then status 200 ........................................................... passed
And response.page == 1 .................................................... passed
And match response.page == '##' ........................................... passed
Given url "http://reqres.in" .............................................. passed
And path "/api/users?page='2'" ............................................ passed
When method GET ........................................................... passed
Then status 200 ........................................................... passed
And response.page == 1 .................................................... passed
And match response.page == '##' ........................................... passed
Given url "http://reqres.in" .............................................. passed
And path "/api/users?page='3'" ............................................ passed
When method GET ........................................................... passed
Then status 200 ........................................................... passed
And response.page == 1 .................................................... passed
And match response.page == '##' ........................................... passed
Given url "http://reqres.in" .............................................. passed
And path "/api/users?page='4'" ............................................ passed
When method GET ........................................................... passed
Then status 200 ........................................................... passed
And response.page == 1 .................................................... passed
And match response.page == '##' ........................................... passed</system-out>
  </testcase>
  <testcase classname="src.test.java.FeatureFiles.Karate11" name="DDT Test Case" time="0.268965">
    <system-out>Given url "http://reqres.in" .............................................. passed
And path "/api/users?page='1'" ............................................ passed
When method GET ........................................................... passed
Then status 200 ........................................................... passed
And response.page == 1 .................................................... passed
And match response.page == '##' ........................................... passed
Given url "http://reqres.in" .............................................. passed
And path "/api/users?page='2'" ............................................ passed
When method GET ........................................................... passed
Then status 200 ........................................................... passed
And response.page == 1 .................................................... passed
And match response.page == '##' ........................................... passed
Given url "http://reqres.in" .............................................. passed
And path "/api/users?page='3'" ............................................ passed
When method GET ........................................................... passed
Then status 200 ........................................................... passed
And response.page == 1 .................................................... passed
And match response.page == '##' ........................................... passed
Given url "http://reqres.in" .............................................. passed
And path "/api/users?page='4'" ............................................ passed
When method GET ........................................................... passed
Then status 200 ........................................................... passed
And response.page == 1 .................................................... passed
And match response.page == '##' ........................................... passed
Given url "http://reqres.in" .............................................. passed
And path "/api/users?page='5'" ............................................ passed
When method GET ........................................................... passed
Then status 200 ........................................................... passed
And response.page == 1 .................................................... passed
And match response.page == '##' ........................................... passed</system-out>
  </testcase>
</testsuite>
